<?xml version="1.0" encoding="UTF-8"?>
<!-- Generated by org.testng.reporters.JUnitReportReporter -->
<testsuite hostname="LAPTOP-6BDNE4TP" failures="0" tests="3" name="runner.MainRunner" time="72.496" errors="0" timestamp="2024-01-19T23:42:23 IST" skipped="0">
  <testcase classname="runner.MainRunner" name="runScenario" time="23.466"/>
  <testcase classname="runner.MainRunner" name="runScenario" time="22.052"/>
  <testcase classname="runner.MainRunner" name="runScenario" time="26.978"/>
</testsuite> <!-- runner.MainRunner -->
